2022-08-30 16:47:15,789 [http-nio-1010-exec-4] INFO  com.crud.controller.StudentController              - Get All value 
2022-08-30 16:47:15,925 [http-nio-1010-exec-5] INFO  com.crud.controller.StudentController              - Get All value 
2022-08-30 16:47:16,069 [http-nio-1010-exec-6] INFO  com.crud.controller.StudentController              - Get All value 
2022-08-30 16:47:16,164 [http-nio-1010-exec-7] INFO  com.crud.controller.StudentController              - Get All value 
2022-08-30 16:47:16,301 [http-nio-1010-exec-8] INFO  com.crud.controller.StudentController              - Get All value 
2022-08-30 16:47:18,013 [http-nio-1010-exec-9] INFO  com.crud.controller.StudentController              - Get All value 
2022-08-30 16:47:18,171 [http-nio-1010-exec-10] INFO  com.crud.controller.StudentController              - Get All value 
2022-08-30 16:47:19,882 [http-nio-1010-exec-1] INFO  com.crud.controller.StudentController              - Get All value 
2022-08-30 16:47:31,381 [http-nio-1010-exec-2] INFO  com.crud.controller.StudentController              - Get All value 
2022-08-30 16:52:17,333 [RMI TCP Connection(7)-127.0.0.1] INFO  o.s.b.a.SpringApplicationAdminMXBeanRegistrar$SpringApplicationAdmin - Application shutdown requested.
2022-08-30 16:52:17,365 [RMI TCP Connection(7)-127.0.0.1] INFO  o.s.o.j.LocalContainerEntityManagerFactoryBean     - Closing JPA EntityManagerFactory for persistence unit 'default'
2022-08-30 16:52:17,366 [RMI TCP Connection(7)-127.0.0.1] INFO  com.zaxxer.hikari.HikariDataSource                 - HikariPool-1 - Shutdown initiated...
2022-08-30 16:52:17,372 [RMI TCP Connection(7)-127.0.0.1] INFO  com.zaxxer.hikari.HikariDataSource                 - HikariPool-1 - Shutdown completed.
2022-08-30 16:52:19,357 [main] INFO  com.crud.SpringCrudApplication                     - Starting SpringCrudApplication using Java 17.0.3 on DESKTOP-LSG5G4P with PID 11972 (C:\Users\lenovo\eclipse-workspace\SpringCRUD\target\classes started by lenovo in C:\Users\lenovo\eclipse-workspace\SpringCRUD)
2022-08-30 16:52:19,360 [main] INFO  com.crud.SpringCrudApplication                     - No active profile set, falling back to 1 default profile: "default"
2022-08-30 16:52:20,054 [main] INFO  o.s.d.r.c.RepositoryConfigurationDelegate          - Bootstrapping Spring Data JPA repositories in DEFAULT mode.
2022-08-30 16:52:20,095 [main] INFO  o.s.d.r.c.RepositoryConfigurationDelegate          - Finished Spring Data repository scanning in 32 ms. Found 1 JPA repository interfaces.
2022-08-30 16:52:20,537 [main] INFO  o.s.b.w.embedded.tomcat.TomcatWebServer            - Tomcat initialized with port(s): 1010 (http)
2022-08-30 16:52:20,544 [main] INFO  o.apache.coyote.http11.Http11NioProtocol           - Initializing ProtocolHandler ["http-nio-1010"]
2022-08-30 16:52:20,545 [main] INFO  org.apache.catalina.core.StandardService           - Starting service [Tomcat]
2022-08-30 16:52:20,545 [main] INFO  org.apache.catalina.core.StandardEngine            - Starting Servlet engine: [Apache Tomcat/9.0.65]
2022-08-30 16:52:20,636 [main] INFO  o.a.c.c.C.[Tomcat].[localhost].[/]                 - Initializing Spring embedded WebApplicationContext
2022-08-30 16:52:20,636 [main] INFO  o.s.b.w.s.c.ServletWebServerApplicationContext     - Root WebApplicationContext: initialization completed in 1225 ms
2022-08-30 16:52:20,770 [main] INFO  o.hibernate.jpa.internal.util.LogHelper            - HHH000204: Processing PersistenceUnitInfo [name: default]
2022-08-30 16:52:20,808 [main] INFO  org.hibernate.Version                              - HHH000412: Hibernate ORM core version 5.6.10.Final
2022-08-30 16:52:20,937 [main] INFO  org.hibernate.annotations.common.Version           - HCANN000001: Hibernate Commons Annotations {5.1.2.Final}
2022-08-30 16:52:21,014 [main] INFO  com.zaxxer.hikari.HikariDataSource                 - HikariPool-1 - Starting...
2022-08-30 16:52:21,136 [main] INFO  com.zaxxer.hikari.HikariDataSource                 - HikariPool-1 - Start completed.
2022-08-30 16:52:21,149 [main] INFO  org.hibernate.dialect.Dialect                      - HHH000400: Using dialect: org.hibernate.dialect.MySQL5InnoDBDialect
2022-08-30 16:52:21,571 [main] INFO  o.h.e.t.j.p.i.JtaPlatformInitiator                 - HHH000490: Using JtaPlatform implementation: [org.hibernate.engine.transaction.jta.platform.internal.NoJtaPlatform]
2022-08-30 16:52:21,577 [main] INFO  o.s.o.j.LocalContainerEntityManagerFactoryBean     - Initialized JPA EntityManagerFactory for persistence unit 'default'
2022-08-30 16:52:21,921 [main] WARN  o.s.b.a.o.j.JpaBaseConfiguration$JpaWebConfiguration - spring.jpa.open-in-view is enabled by default. Therefore, database queries may be performed during view rendering. Explicitly configure spring.jpa.open-in-view to disable this warning
2022-08-30 16:52:22,214 [main] INFO  o.apache.coyote.http11.Http11NioProtocol           - Starting ProtocolHandler ["http-nio-1010"]
2022-08-30 16:52:22,230 [main] INFO  o.s.b.w.embedded.tomcat.TomcatWebServer            - Tomcat started on port(s): 1010 (http) with context path ''
2022-08-30 16:52:22,402 [main] INFO  com.crud.SpringCrudApplication                     - Started SpringCrudApplication in 3.457 seconds (JVM running for 4.119)
2022-08-30 16:52:28,041 [http-nio-1010-exec-2] INFO  o.a.c.c.C.[Tomcat].[localhost].[/]                 - Initializing Spring DispatcherServlet 'dispatcherServlet'
2022-08-30 16:52:28,041 [http-nio-1010-exec-2] INFO  o.s.web.servlet.DispatcherServlet                  - Initializing Servlet 'dispatcherServlet'
2022-08-30 16:52:28,042 [http-nio-1010-exec-2] INFO  o.s.web.servlet.DispatcherServlet                  - Completed initialization in 1 ms
2022-08-30 16:52:28,064 [http-nio-1010-exec-2] INFO  com.crud.controller.StudentController              - Get All value 
2022-08-30 16:52:28,432 [http-nio-1010-exec-1] INFO  com.crud.controller.StudentController              - Get All value 
2022-08-30 16:52:28,572 [http-nio-1010-exec-3] INFO  com.crud.controller.StudentController              - Get All value 
2022-08-30 16:52:28,667 [http-nio-1010-exec-4] INFO  com.crud.controller.StudentController              - Get All value 
2022-08-30 16:52:28,894 [http-nio-1010-exec-5] INFO  com.crud.controller.StudentController              - Get All value 
2022-08-30 16:52:29,017 [http-nio-1010-exec-6] INFO  com.crud.controller.StudentController              - Get All value 
2022-08-30 16:52:29,237 [http-nio-1010-exec-7] INFO  com.crud.controller.StudentController              - Get All value 
2022-08-30 16:52:29,356 [http-nio-1010-exec-8] INFO  com.crud.controller.StudentController              - Get All value 
2022-08-30 16:52:29,477 [http-nio-1010-exec-9] INFO  com.crud.controller.StudentController              - Get All value 
2022-08-30 16:52:29,694 [http-nio-1010-exec-10] INFO  com.crud.controller.StudentController              - Get All value 
2022-08-30 16:52:29,830 [http-nio-1010-exec-2] INFO  com.crud.controller.StudentController              - Get All value 
2022-08-30 16:52:29,956 [http-nio-1010-exec-1] INFO  com.crud.controller.StudentController              - Get All value 
2022-08-30 16:52:30,101 [http-nio-1010-exec-3] INFO  com.crud.controller.StudentController              - Get All value 
2022-08-30 16:52:30,221 [http-nio-1010-exec-4] INFO  com.crud.controller.StudentController              - Get All value 
2022-08-30 16:52:30,649 [http-nio-1010-exec-5] INFO  com.crud.controller.StudentController              - Get All value 
2022-08-30 16:52:30,990 [http-nio-1010-exec-6] INFO  com.crud.controller.StudentController              - Get All value 
2022-08-30 16:52:31,126 [http-nio-1010-exec-7] INFO  com.crud.controller.StudentController              - Get All value 
2022-08-30 16:52:42,024 [http-nio-1010-exec-8] INFO  com.crud.controller.StudentController              - Get All value 
2022-08-30 16:52:43,318 [http-nio-1010-exec-9] INFO  com.crud.controller.StudentController              - Get All value 
2022-08-30 16:52:44,909 [http-nio-1010-exec-10] INFO  com.crud.controller.StudentController              - Get All value 
2022-08-30 16:52:47,173 [http-nio-1010-exec-2] INFO  com.crud.controller.StudentController              - Get All value 
2022-08-30 17:01:37,805 [RMI TCP Connection(12)-127.0.0.1] INFO  o.s.b.a.SpringApplicationAdminMXBeanRegistrar$SpringApplicationAdmin - Application shutdown requested.
2022-08-30 17:01:37,829 [RMI TCP Connection(12)-127.0.0.1] INFO  o.s.o.j.LocalContainerEntityManagerFactoryBean     - Closing JPA EntityManagerFactory for persistence unit 'default'
2022-08-30 17:01:37,831 [RMI TCP Connection(12)-127.0.0.1] INFO  com.zaxxer.hikari.HikariDataSource                 - HikariPool-1 - Shutdown initiated...
2022-08-30 17:01:37,838 [RMI TCP Connection(12)-127.0.0.1] INFO  com.zaxxer.hikari.HikariDataSource                 - HikariPool-1 - Shutdown completed.
2022-08-31 07:57:38,005 [main] INFO  com.crud.SpringCrudApplication                     - Starting SpringCrudApplication using Java 17.0.3 on DESKTOP-LSG5G4P with PID 17380 (C:\Users\lenovo\eclipse-workspace\SpringCRUD\target\classes started by lenovo in C:\Users\lenovo\eclipse-workspace\SpringCRUD)
2022-08-31 07:57:38,009 [main] INFO  com.crud.SpringCrudApplication                     - No active profile set, falling back to 1 default profile: "default"
2022-08-31 07:57:38,913 [main] INFO  o.s.d.r.c.RepositoryConfigurationDelegate          - Bootstrapping Spring Data JPA repositories in DEFAULT mode.
2022-08-31 07:57:38,961 [main] INFO  o.s.d.r.c.RepositoryConfigurationDelegate          - Finished Spring Data repository scanning in 38 ms. Found 1 JPA repository interfaces.
2022-08-31 07:57:39,600 [main] INFO  o.s.b.w.embedded.tomcat.TomcatWebServer            - Tomcat initialized with port(s): 1010 (http)
2022-08-31 07:57:39,613 [main] INFO  o.apache.coyote.http11.Http11NioProtocol           - Initializing ProtocolHandler ["http-nio-1010"]
2022-08-31 07:57:39,614 [main] INFO  org.apache.catalina.core.StandardService           - Starting service [Tomcat]
2022-08-31 07:57:39,614 [main] INFO  org.apache.catalina.core.StandardEngine            - Starting Servlet engine: [Apache Tomcat/9.0.65]
2022-08-31 07:57:39,737 [main] INFO  o.a.c.c.C.[Tomcat].[localhost].[/]                 - Initializing Spring embedded WebApplicationContext
2022-08-31 07:57:39,737 [main] INFO  o.s.b.w.s.c.ServletWebServerApplicationContext     - Root WebApplicationContext: initialization completed in 1677 ms
2022-08-31 07:57:39,914 [main] INFO  o.hibernate.jpa.internal.util.LogHelper            - HHH000204: Processing PersistenceUnitInfo [name: default]
2022-08-31 07:57:39,964 [main] INFO  org.hibernate.Version                              - HHH000412: Hibernate ORM core version 5.6.10.Final
2022-08-31 07:57:40,212 [main] INFO  org.hibernate.annotations.common.Version           - HCANN000001: Hibernate Commons Annotations {5.1.2.Final}
2022-08-31 07:57:40,300 [main] INFO  com.zaxxer.hikari.HikariDataSource                 - HikariPool-1 - Starting...
2022-08-31 07:57:40,473 [main] INFO  com.zaxxer.hikari.HikariDataSource                 - HikariPool-1 - Start completed.
2022-08-31 07:57:40,488 [main] INFO  org.hibernate.dialect.Dialect                      - HHH000400: Using dialect: org.hibernate.dialect.MySQL5InnoDBDialect
2022-08-31 07:57:41,029 [main] INFO  o.h.e.t.j.p.i.JtaPlatformInitiator                 - HHH000490: Using JtaPlatform implementation: [org.hibernate.engine.transaction.jta.platform.internal.NoJtaPlatform]
2022-08-31 07:57:41,036 [main] INFO  o.s.o.j.LocalContainerEntityManagerFactoryBean     - Initialized JPA EntityManagerFactory for persistence unit 'default'
2022-08-31 07:57:41,508 [main] WARN  o.s.b.a.o.j.JpaBaseConfiguration$JpaWebConfiguration - spring.jpa.open-in-view is enabled by default. Therefore, database queries may be performed during view rendering. Explicitly configure spring.jpa.open-in-view to disable this warning
2022-08-31 07:57:41,867 [main] INFO  o.apache.coyote.http11.Http11NioProtocol           - Starting ProtocolHandler ["http-nio-1010"]
2022-08-31 07:57:41,888 [main] INFO  o.s.b.w.embedded.tomcat.TomcatWebServer            - Tomcat started on port(s): 1010 (http) with context path ''
2022-08-31 07:57:42,102 [main] INFO  com.crud.SpringCrudApplication                     - Started SpringCrudApplication in 4.512 seconds (JVM running for 5.308)
2022-08-31 07:58:12,567 [RMI TCP Connection(2)-127.0.0.1] INFO  o.s.b.a.SpringApplicationAdminMXBeanRegistrar$SpringApplicationAdmin - Application shutdown requested.
2022-08-31 07:58:12,618 [RMI TCP Connection(2)-127.0.0.1] INFO  o.s.o.j.LocalContainerEntityManagerFactoryBean     - Closing JPA EntityManagerFactory for persistence unit 'default'
2022-08-31 07:58:12,621 [RMI TCP Connection(2)-127.0.0.1] INFO  com.zaxxer.hikari.HikariDataSource                 - HikariPool-1 - Shutdown initiated...
2022-08-31 07:58:12,634 [RMI TCP Connection(2)-127.0.0.1] INFO  com.zaxxer.hikari.HikariDataSource                 - HikariPool-1 - Shutdown completed.
2022-08-31 07:58:14,865 [main] INFO  com.crud.SpringCrudApplication                     - Starting SpringCrudApplication using Java 17.0.3 on DESKTOP-LSG5G4P with PID 7684 (C:\Users\lenovo\eclipse-workspace\SpringCRUD\target\classes started by lenovo in C:\Users\lenovo\eclipse-workspace\SpringCRUD)
2022-08-31 07:58:14,867 [main] INFO  com.crud.SpringCrudApplication                     - No active profile set, falling back to 1 default profile: "default"
2022-08-31 07:58:15,547 [main] INFO  o.s.d.r.c.RepositoryConfigurationDelegate          - Bootstrapping Spring Data JPA repositories in DEFAULT mode.
2022-08-31 07:58:15,596 [main] INFO  o.s.d.r.c.RepositoryConfigurationDelegate          - Finished Spring Data repository scanning in 41 ms. Found 1 JPA repository interfaces.
2022-08-31 07:58:16,095 [main] INFO  o.s.b.w.embedded.tomcat.TomcatWebServer            - Tomcat initialized with port(s): 1010 (http)
2022-08-31 07:58:16,103 [main] INFO  o.apache.coyote.http11.Http11NioProtocol           - Initializing ProtocolHandler ["http-nio-1010"]
2022-08-31 07:58:16,104 [main] INFO  org.apache.catalina.core.StandardService           - Starting service [Tomcat]
2022-08-31 07:58:16,104 [main] INFO  org.apache.catalina.core.StandardEngine            - Starting Servlet engine: [Apache Tomcat/9.0.65]
2022-08-31 07:58:16,205 [main] INFO  o.a.c.c.C.[Tomcat].[localhost].[/]                 - Initializing Spring embedded WebApplicationContext
2022-08-31 07:58:16,205 [main] INFO  o.s.b.w.s.c.ServletWebServerApplicationContext     - Root WebApplicationContext: initialization completed in 1288 ms
2022-08-31 07:58:16,366 [main] INFO  o.hibernate.jpa.internal.util.LogHelper            - HHH000204: Processing PersistenceUnitInfo [name: default]
2022-08-31 07:58:16,411 [main] INFO  org.hibernate.Version                              - HHH000412: Hibernate ORM core version 5.6.10.Final
2022-08-31 07:58:16,563 [main] INFO  org.hibernate.annotations.common.Version           - HCANN000001: Hibernate Commons Annotations {5.1.2.Final}
2022-08-31 07:58:16,643 [main] INFO  com.zaxxer.hikari.HikariDataSource                 - HikariPool-1 - Starting...
2022-08-31 07:58:16,786 [main] INFO  com.zaxxer.hikari.HikariDataSource                 - HikariPool-1 - Start completed.
2022-08-31 07:58:16,801 [main] INFO  org.hibernate.dialect.Dialect                      - HHH000400: Using dialect: org.hibernate.dialect.MySQL5InnoDBDialect
2022-08-31 07:58:17,257 [main] INFO  o.h.e.t.j.p.i.JtaPlatformInitiator                 - HHH000490: Using JtaPlatform implementation: [org.hibernate.engine.transaction.jta.platform.internal.NoJtaPlatform]
2022-08-31 07:58:17,264 [main] INFO  o.s.o.j.LocalContainerEntityManagerFactoryBean     - Initialized JPA EntityManagerFactory for persistence unit 'default'
2022-08-31 07:58:17,669 [main] WARN  o.s.b.a.o.j.JpaBaseConfiguration$JpaWebConfiguration - spring.jpa.open-in-view is enabled by default. Therefore, database queries may be performed during view rendering. Explicitly configure spring.jpa.open-in-view to disable this warning
2022-08-31 07:58:18,017 [main] INFO  o.apache.coyote.http11.Http11NioProtocol           - Starting ProtocolHandler ["http-nio-1010"]
2022-08-31 07:58:18,037 [main] INFO  o.s.b.w.embedded.tomcat.TomcatWebServer            - Tomcat started on port(s): 1010 (http) with context path ''
2022-08-31 07:58:18,254 [main] INFO  com.crud.SpringCrudApplication                     - Started SpringCrudApplication in 3.827 seconds (JVM running for 4.513)
2022-08-31 07:59:18,552 [RMI TCP Connection(3)-127.0.0.1] INFO  o.s.b.a.SpringApplicationAdminMXBeanRegistrar$SpringApplicationAdmin - Application shutdown requested.
2022-08-31 07:59:18,599 [RMI TCP Connection(3)-127.0.0.1] INFO  o.s.o.j.LocalContainerEntityManagerFactoryBean     - Closing JPA EntityManagerFactory for persistence unit 'default'
2022-08-31 07:59:18,602 [RMI TCP Connection(3)-127.0.0.1] INFO  com.zaxxer.hikari.HikariDataSource                 - HikariPool-1 - Shutdown initiated...
2022-08-31 07:59:18,610 [RMI TCP Connection(3)-127.0.0.1] INFO  com.zaxxer.hikari.HikariDataSource                 - HikariPool-1 - Shutdown completed.
2022-08-31 07:59:20,720 [main] INFO  com.crud.SpringCrudApplication                     - Starting SpringCrudApplication using Java 17.0.3 on DESKTOP-LSG5G4P with PID 12252 (C:\Users\lenovo\eclipse-workspace\SpringCRUD\target\classes started by lenovo in C:\Users\lenovo\eclipse-workspace\SpringCRUD)
2022-08-31 07:59:20,723 [main] INFO  com.crud.SpringCrudApplication                     - No active profile set, falling back to 1 default profile: "default"
2022-08-31 07:59:21,406 [main] INFO  o.s.d.r.c.RepositoryConfigurationDelegate          - Bootstrapping Spring Data JPA repositories in DEFAULT mode.
2022-08-31 07:59:21,453 [main] INFO  o.s.d.r.c.RepositoryConfigurationDelegate          - Finished Spring Data repository scanning in 40 ms. Found 1 JPA repository interfaces.
2022-08-31 07:59:21,944 [main] INFO  o.s.b.w.embedded.tomcat.TomcatWebServer            - Tomcat initialized with port(s): 1010 (http)
2022-08-31 07:59:21,953 [main] INFO  o.apache.coyote.http11.Http11NioProtocol           - Initializing ProtocolHandler ["http-nio-1010"]
2022-08-31 07:59:21,953 [main] INFO  org.apache.catalina.core.StandardService           - Starting service [Tomcat]
2022-08-31 07:59:21,953 [main] INFO  org.apache.catalina.core.StandardEngine            - Starting Servlet engine: [Apache Tomcat/9.0.65]
2022-08-31 07:59:22,053 [main] INFO  o.a.c.c.C.[Tomcat].[localhost].[/]                 - Initializing Spring embedded WebApplicationContext
2022-08-31 07:59:22,053 [main] INFO  o.s.b.w.s.c.ServletWebServerApplicationContext     - Root WebApplicationContext: initialization completed in 1280 ms
2022-08-31 07:59:22,213 [main] INFO  o.hibernate.jpa.internal.util.LogHelper            - HHH000204: Processing PersistenceUnitInfo [name: default]
2022-08-31 07:59:22,256 [main] INFO  org.hibernate.Version                              - HHH000412: Hibernate ORM core version 5.6.10.Final
2022-08-31 07:59:22,410 [main] INFO  org.hibernate.annotations.common.Version           - HCANN000001: Hibernate Commons Annotations {5.1.2.Final}
2022-08-31 07:59:22,489 [main] INFO  com.zaxxer.hikari.HikariDataSource                 - HikariPool-1 - Starting...
2022-08-31 07:59:22,636 [main] INFO  com.zaxxer.hikari.HikariDataSource                 - HikariPool-1 - Start completed.
2022-08-31 07:59:22,653 [main] INFO  org.hibernate.dialect.Dialect                      - HHH000400: Using dialect: org.hibernate.dialect.MySQL5InnoDBDialect
2022-08-31 07:59:23,108 [main] INFO  o.h.e.t.j.p.i.JtaPlatformInitiator                 - HHH000490: Using JtaPlatform implementation: [org.hibernate.engine.transaction.jta.platform.internal.NoJtaPlatform]
2022-08-31 07:59:23,115 [main] INFO  o.s.o.j.LocalContainerEntityManagerFactoryBean     - Initialized JPA EntityManagerFactory for persistence unit 'default'
2022-08-31 07:59:23,498 [main] WARN  o.s.b.a.o.j.JpaBaseConfiguration$JpaWebConfiguration - spring.jpa.open-in-view is enabled by default. Therefore, database queries may be performed during view rendering. Explicitly configure spring.jpa.open-in-view to disable this warning
2022-08-31 07:59:23,868 [main] INFO  o.apache.coyote.http11.Http11NioProtocol           - Starting ProtocolHandler ["http-nio-1010"]
2022-08-31 07:59:23,890 [main] INFO  o.s.b.w.embedded.tomcat.TomcatWebServer            - Tomcat started on port(s): 1010 (http) with context path ''
2022-08-31 07:59:24,087 [main] INFO  com.crud.SpringCrudApplication                     - Started SpringCrudApplication in 3.77 seconds (JVM running for 4.409)
2022-08-31 07:59:56,971 [RMI TCP Connection(3)-127.0.0.1] INFO  o.s.b.a.SpringApplicationAdminMXBeanRegistrar$SpringApplicationAdmin - Application shutdown requested.
2022-08-31 07:59:57,013 [RMI TCP Connection(3)-127.0.0.1] INFO  o.s.o.j.LocalContainerEntityManagerFactoryBean     - Closing JPA EntityManagerFactory for persistence unit 'default'
2022-08-31 07:59:57,016 [RMI TCP Connection(3)-127.0.0.1] INFO  com.zaxxer.hikari.HikariDataSource                 - HikariPool-1 - Shutdown initiated...
2022-08-31 07:59:57,026 [RMI TCP Connection(3)-127.0.0.1] INFO  com.zaxxer.hikari.HikariDataSource                 - HikariPool-1 - Shutdown completed.
2022-08-31 07:59:59,110 [main] INFO  com.crud.SpringCrudApplication                     - Starting SpringCrudApplication using Java 17.0.3 on DESKTOP-LSG5G4P with PID 17000 (C:\Users\lenovo\eclipse-workspace\SpringCRUD\target\classes started by lenovo in C:\Users\lenovo\eclipse-workspace\SpringCRUD)
2022-08-31 07:59:59,112 [main] INFO  com.crud.SpringCrudApplication                     - No active profile set, falling back to 1 default profile: "default"
2022-08-31 07:59:59,792 [main] INFO  o.s.d.r.c.RepositoryConfigurationDelegate          - Bootstrapping Spring Data JPA repositories in DEFAULT mode.
2022-08-31 07:59:59,835 [main] INFO  o.s.d.r.c.RepositoryConfigurationDelegate          - Finished Spring Data repository scanning in 34 ms. Found 1 JPA repository interfaces.
2022-08-31 08:00:00,361 [main] INFO  o.s.b.w.embedded.tomcat.TomcatWebServer            - Tomcat initialized with port(s): 1010 (http)
2022-08-31 08:00:00,369 [main] INFO  o.apache.coyote.http11.Http11NioProtocol           - Initializing ProtocolHandler ["http-nio-1010"]
2022-08-31 08:00:00,370 [main] INFO  org.apache.catalina.core.StandardService           - Starting service [Tomcat]
2022-08-31 08:00:00,370 [main] INFO  org.apache.catalina.core.StandardEngine            - Starting Servlet engine: [Apache Tomcat/9.0.65]
2022-08-31 08:00:00,470 [main] INFO  o.a.c.c.C.[Tomcat].[localhost].[/]                 - Initializing Spring embedded WebApplicationContext
2022-08-31 08:00:00,470 [main] INFO  o.s.b.w.s.c.ServletWebServerApplicationContext     - Root WebApplicationContext: initialization completed in 1308 ms
2022-08-31 08:00:00,626 [main] INFO  o.hibernate.jpa.internal.util.LogHelper            - HHH000204: Processing PersistenceUnitInfo [name: default]
2022-08-31 08:00:00,668 [main] INFO  org.hibernate.Version                              - HHH000412: Hibernate ORM core version 5.6.10.Final
2022-08-31 08:00:00,817 [main] INFO  org.hibernate.annotations.common.Version           - HCANN000001: Hibernate Commons Annotations {5.1.2.Final}
2022-08-31 08:00:00,897 [main] INFO  com.zaxxer.hikari.HikariDataSource                 - HikariPool-1 - Starting...
2022-08-31 08:00:01,059 [main] INFO  com.zaxxer.hikari.HikariDataSource                 - HikariPool-1 - Start completed.
2022-08-31 08:00:01,073 [main] INFO  org.hibernate.dialect.Dialect                      - HHH000400: Using dialect: org.hibernate.dialect.MySQL5InnoDBDialect
2022-08-31 08:00:01,569 [main] INFO  o.h.e.t.j.p.i.JtaPlatformInitiator                 - HHH000490: Using JtaPlatform implementation: [org.hibernate.engine.transaction.jta.platform.internal.NoJtaPlatform]
2022-08-31 08:00:01,577 [main] INFO  o.s.o.j.LocalContainerEntityManagerFactoryBean     - Initialized JPA EntityManagerFactory for persistence unit 'default'
2022-08-31 08:00:01,991 [main] WARN  o.s.b.a.o.j.JpaBaseConfiguration$JpaWebConfiguration - spring.jpa.open-in-view is enabled by default. Therefore, database queries may be performed during view rendering. Explicitly configure spring.jpa.open-in-view to disable this warning
2022-08-31 08:00:02,330 [main] INFO  o.apache.coyote.http11.Http11NioProtocol           - Starting ProtocolHandler ["http-nio-1010"]
2022-08-31 08:00:02,348 [main] INFO  o.s.b.w.embedded.tomcat.TomcatWebServer            - Tomcat started on port(s): 1010 (http) with context path ''
2022-08-31 08:00:02,541 [main] INFO  com.crud.SpringCrudApplication                     - Started SpringCrudApplication in 3.818 seconds (JVM running for 4.483)
2022-08-31 08:00:17,706 [RMI TCP Connection(2)-127.0.0.1] INFO  o.s.b.a.SpringApplicationAdminMXBeanRegistrar$SpringApplicationAdmin - Application shutdown requested.
2022-08-31 08:00:17,752 [RMI TCP Connection(2)-127.0.0.1] INFO  o.s.o.j.LocalContainerEntityManagerFactoryBean     - Closing JPA EntityManagerFactory for persistence unit 'default'
2022-08-31 08:00:17,754 [RMI TCP Connection(2)-127.0.0.1] INFO  com.zaxxer.hikari.HikariDataSource                 - HikariPool-1 - Shutdown initiated...
2022-08-31 08:00:17,763 [RMI TCP Connection(2)-127.0.0.1] INFO  com.zaxxer.hikari.HikariDataSource                 - HikariPool-1 - Shutdown completed.
2022-08-31 08:00:19,875 [main] INFO  com.crud.SpringCrudApplication                     - Starting SpringCrudApplication using Java 17.0.3 on DESKTOP-LSG5G4P with PID 15188 (C:\Users\lenovo\eclipse-workspace\SpringCRUD\target\classes started by lenovo in C:\Users\lenovo\eclipse-workspace\SpringCRUD)
2022-08-31 08:00:19,877 [main] INFO  com.crud.SpringCrudApplication                     - No active profile set, falling back to 1 default profile: "default"
2022-08-31 08:00:20,558 [main] INFO  o.s.d.r.c.RepositoryConfigurationDelegate          - Bootstrapping Spring Data JPA repositories in DEFAULT mode.
2022-08-31 08:00:20,600 [main] INFO  o.s.d.r.c.RepositoryConfigurationDelegate          - Finished Spring Data repository scanning in 35 ms. Found 1 JPA repository interfaces.
2022-08-31 08:00:21,081 [main] INFO  o.s.b.w.embedded.tomcat.TomcatWebServer            - Tomcat initialized with port(s): 1010 (http)
2022-08-31 08:00:21,089 [main] INFO  o.apache.coyote.http11.Http11NioProtocol           - Initializing ProtocolHandler ["http-nio-1010"]
2022-08-31 08:00:21,089 [main] INFO  org.apache.catalina.core.StandardService           - Starting service [Tomcat]
2022-08-31 08:00:21,089 [main] INFO  org.apache.catalina.core.StandardEngine            - Starting Servlet engine: [Apache Tomcat/9.0.65]
2022-08-31 08:00:21,190 [main] INFO  o.a.c.c.C.[Tomcat].[localhost].[/]                 - Initializing Spring embedded WebApplicationContext
2022-08-31 08:00:21,190 [main] INFO  o.s.b.w.s.c.ServletWebServerApplicationContext     - Root WebApplicationContext: initialization completed in 1264 ms
2022-08-31 08:00:21,336 [main] INFO  o.hibernate.jpa.internal.util.LogHelper            - HHH000204: Processing PersistenceUnitInfo [name: default]
2022-08-31 08:00:21,375 [main] INFO  org.hibernate.Version                              - HHH000412: Hibernate ORM core version 5.6.10.Final
2022-08-31 08:00:21,512 [main] INFO  org.hibernate.annotations.common.Version           - HCANN000001: Hibernate Commons Annotations {5.1.2.Final}
2022-08-31 08:00:21,594 [main] INFO  com.zaxxer.hikari.HikariDataSource                 - HikariPool-1 - Starting...
2022-08-31 08:00:21,734 [main] INFO  com.zaxxer.hikari.HikariDataSource                 - HikariPool-1 - Start completed.
2022-08-31 08:00:21,749 [main] INFO  org.hibernate.dialect.Dialect                      - HHH000400: Using dialect: org.hibernate.dialect.MySQL5InnoDBDialect
2022-08-31 08:00:22,207 [main] INFO  o.h.e.t.j.p.i.JtaPlatformInitiator                 - HHH000490: Using JtaPlatform implementation: [org.hibernate.engine.transaction.jta.platform.internal.NoJtaPlatform]
2022-08-31 08:00:22,215 [main] INFO  o.s.o.j.LocalContainerEntityManagerFactoryBean     - Initialized JPA EntityManagerFactory for persistence unit 'default'
2022-08-31 08:00:22,598 [main] WARN  o.s.b.a.o.j.JpaBaseConfiguration$JpaWebConfiguration - spring.jpa.open-in-view is enabled by default. Therefore, database queries may be performed during view rendering. Explicitly configure spring.jpa.open-in-view to disable this warning
2022-08-31 08:00:22,941 [main] INFO  o.apache.coyote.http11.Http11NioProtocol           - Starting ProtocolHandler ["http-nio-1010"]
2022-08-31 08:00:22,960 [main] INFO  o.s.b.w.embedded.tomcat.TomcatWebServer            - Tomcat started on port(s): 1010 (http) with context path ''
2022-08-31 08:00:23,157 [main] INFO  com.crud.SpringCrudApplication                     - Started SpringCrudApplication in 3.701 seconds (JVM running for 4.318)
2022-08-31 08:01:14,388 [RMI TCP Connection(3)-127.0.0.1] INFO  o.s.b.a.SpringApplicationAdminMXBeanRegistrar$SpringApplicationAdmin - Application shutdown requested.
2022-08-31 08:01:14,437 [RMI TCP Connection(3)-127.0.0.1] INFO  o.s.o.j.LocalContainerEntityManagerFactoryBean     - Closing JPA EntityManagerFactory for persistence unit 'default'
2022-08-31 08:01:14,440 [RMI TCP Connection(3)-127.0.0.1] INFO  com.zaxxer.hikari.HikariDataSource                 - HikariPool-1 - Shutdown initiated...
2022-08-31 08:01:14,448 [RMI TCP Connection(3)-127.0.0.1] INFO  com.zaxxer.hikari.HikariDataSource                 - HikariPool-1 - Shutdown completed.
2022-08-31 08:08:02,779 [main] INFO  com.crud.SpringCrudApplication                     - Starting SpringCrudApplication using Java 17.0.3 on DESKTOP-LSG5G4P with PID 6088 (C:\Users\lenovo\eclipse-workspace\SpringCRUD\target\classes started by lenovo in C:\Users\lenovo\eclipse-workspace\SpringCRUD)
2022-08-31 08:08:02,788 [main] INFO  com.crud.SpringCrudApplication                     - No active profile set, falling back to 1 default profile: "default"
2022-08-31 08:08:04,447 [main] INFO  o.s.d.r.c.RepositoryConfigurationDelegate          - Bootstrapping Spring Data JPA repositories in DEFAULT mode.
2022-08-31 08:08:04,526 [main] INFO  o.s.d.r.c.RepositoryConfigurationDelegate          - Finished Spring Data repository scanning in 67 ms. Found 1 JPA repository interfaces.
2022-08-31 08:08:05,546 [main] INFO  o.s.b.w.embedded.tomcat.TomcatWebServer            - Tomcat initialized with port(s): 1010 (http)
2022-08-31 08:08:05,557 [main] INFO  o.apache.coyote.http11.Http11NioProtocol           - Initializing ProtocolHandler ["http-nio-1010"]
2022-08-31 08:08:05,558 [main] INFO  org.apache.catalina.core.StandardService           - Starting service [Tomcat]
2022-08-31 08:08:05,559 [main] INFO  org.apache.catalina.core.StandardEngine            - Starting Servlet engine: [Apache Tomcat/9.0.65]
2022-08-31 08:08:05,703 [main] INFO  o.a.c.c.C.[Tomcat].[localhost].[/]                 - Initializing Spring embedded WebApplicationContext
2022-08-31 08:08:05,703 [main] INFO  o.s.b.w.s.c.ServletWebServerApplicationContext     - Root WebApplicationContext: initialization completed in 2763 ms
2022-08-31 08:08:06,040 [main] INFO  o.hibernate.jpa.internal.util.LogHelper            - HHH000204: Processing PersistenceUnitInfo [name: default]
2022-08-31 08:08:06,103 [main] INFO  org.hibernate.Version                              - HHH000412: Hibernate ORM core version 5.6.10.Final
2022-08-31 08:08:06,326 [main] INFO  org.hibernate.annotations.common.Version           - HCANN000001: Hibernate Commons Annotations {5.1.2.Final}
2022-08-31 08:08:06,445 [main] INFO  com.zaxxer.hikari.HikariDataSource                 - HikariPool-1 - Starting...
2022-08-31 08:08:06,703 [main] INFO  com.zaxxer.hikari.HikariDataSource                 - HikariPool-1 - Start completed.
2022-08-31 08:08:06,735 [main] INFO  org.hibernate.dialect.Dialect                      - HHH000400: Using dialect: org.hibernate.dialect.MySQL5InnoDBDialect
2022-08-31 08:08:07,652 [main] INFO  o.h.e.t.j.p.i.JtaPlatformInitiator                 - HHH000490: Using JtaPlatform implementation: [org.hibernate.engine.transaction.jta.platform.internal.NoJtaPlatform]
2022-08-31 08:08:07,662 [main] INFO  o.s.o.j.LocalContainerEntityManagerFactoryBean     - Initialized JPA EntityManagerFactory for persistence unit 'default'
2022-08-31 08:08:08,382 [main] WARN  o.s.b.a.o.j.JpaBaseConfiguration$JpaWebConfiguration - spring.jpa.open-in-view is enabled by default. Therefore, database queries may be performed during view rendering. Explicitly configure spring.jpa.open-in-view to disable this warning
2022-08-31 08:08:09,057 [main] INFO  o.apache.coyote.http11.Http11NioProtocol           - Starting ProtocolHandler ["http-nio-1010"]
2022-08-31 08:08:09,088 [main] INFO  o.s.b.w.embedded.tomcat.TomcatWebServer            - Tomcat started on port(s): 1010 (http) with context path ''
2022-08-31 08:08:09,541 [main] INFO  com.crud.SpringCrudApplication                     - Started SpringCrudApplication in 7.798 seconds (JVM running for 9.052)
2022-08-31 08:08:23,374 [RMI TCP Connection(2)-127.0.0.1] INFO  o.s.b.a.SpringApplicationAdminMXBeanRegistrar$SpringApplicationAdmin - Application shutdown requested.
2022-08-31 08:08:23,442 [RMI TCP Connection(2)-127.0.0.1] INFO  o.s.o.j.LocalContainerEntityManagerFactoryBean     - Closing JPA EntityManagerFactory for persistence unit 'default'
2022-08-31 08:08:23,447 [RMI TCP Connection(2)-127.0.0.1] INFO  com.zaxxer.hikari.HikariDataSource                 - HikariPool-1 - Shutdown initiated...
2022-08-31 08:08:23,470 [RMI TCP Connection(2)-127.0.0.1] INFO  com.zaxxer.hikari.HikariDataSource                 - HikariPool-1 - Shutdown completed.
2022-08-31 08:08:29,995 [main] INFO  com.crud.SpringCrudApplication                     - Starting SpringCrudApplication using Java 17.0.3 on DESKTOP-LSG5G4P with PID 9388 (C:\Users\lenovo\eclipse-workspace\SpringCRUD\target\classes started by lenovo in C:\Users\lenovo\eclipse-workspace\SpringCRUD)
2022-08-31 08:08:29,998 [main] INFO  com.crud.SpringCrudApplication                     - No active profile set, falling back to 1 default profile: "default"
2022-08-31 08:08:31,241 [main] INFO  o.s.d.r.c.RepositoryConfigurationDelegate          - Bootstrapping Spring Data JPA repositories in DEFAULT mode.
2022-08-31 08:08:31,316 [main] INFO  o.s.d.r.c.RepositoryConfigurationDelegate          - Finished Spring Data repository scanning in 61 ms. Found 1 JPA repository interfaces.
2022-08-31 08:08:32,233 [main] INFO  o.s.b.w.embedded.tomcat.TomcatWebServer            - Tomcat initialized with port(s): 1010 (http)
2022-08-31 08:08:32,244 [main] INFO  o.apache.coyote.http11.Http11NioProtocol           - Initializing ProtocolHandler ["http-nio-1010"]
2022-08-31 08:08:32,245 [main] INFO  org.apache.catalina.core.StandardService           - Starting service [Tomcat]
2022-08-31 08:08:32,245 [main] INFO  org.apache.catalina.core.StandardEngine            - Starting Servlet engine: [Apache Tomcat/9.0.65]
2022-08-31 08:08:32,412 [main] INFO  o.a.c.c.C.[Tomcat].[localhost].[/]                 - Initializing Spring embedded WebApplicationContext
2022-08-31 08:08:32,412 [main] INFO  o.s.b.w.s.c.ServletWebServerApplicationContext     - Root WebApplicationContext: initialization completed in 2338 ms
2022-08-31 08:08:32,727 [main] INFO  o.hibernate.jpa.internal.util.LogHelper            - HHH000204: Processing PersistenceUnitInfo [name: default]
2022-08-31 08:08:32,787 [main] INFO  org.hibernate.Version                              - HHH000412: Hibernate ORM core version 5.6.10.Final
2022-08-31 08:08:33,044 [main] INFO  org.hibernate.annotations.common.Version           - HCANN000001: Hibernate Commons Annotations {5.1.2.Final}
2022-08-31 08:08:33,195 [main] INFO  com.zaxxer.hikari.HikariDataSource                 - HikariPool-1 - Starting...
2022-08-31 08:08:33,507 [main] INFO  com.zaxxer.hikari.HikariDataSource                 - HikariPool-1 - Start completed.
2022-08-31 08:08:33,548 [main] INFO  org.hibernate.dialect.Dialect                      - HHH000400: Using dialect: org.hibernate.dialect.MySQL5InnoDBDialect
2022-08-31 08:08:34,551 [main] INFO  o.h.e.t.j.p.i.JtaPlatformInitiator                 - HHH000490: Using JtaPlatform implementation: [org.hibernate.engine.transaction.jta.platform.internal.NoJtaPlatform]
2022-08-31 08:08:34,560 [main] INFO  o.s.o.j.LocalContainerEntityManagerFactoryBean     - Initialized JPA EntityManagerFactory for persistence unit 'default'
2022-08-31 08:08:35,251 [main] WARN  o.s.b.a.o.j.JpaBaseConfiguration$JpaWebConfiguration - spring.jpa.open-in-view is enabled by default. Therefore, database queries may be performed during view rendering. Explicitly configure spring.jpa.open-in-view to disable this warning
2022-08-31 08:08:35,928 [main] INFO  o.apache.coyote.http11.Http11NioProtocol           - Starting ProtocolHandler ["http-nio-1010"]
2022-08-31 08:08:35,969 [main] INFO  o.s.b.w.embedded.tomcat.TomcatWebServer            - Tomcat started on port(s): 1010 (http) with context path ''
2022-08-31 08:08:36,378 [main] INFO  com.crud.SpringCrudApplication                     - Started SpringCrudApplication in 7.543 seconds (JVM running for 8.84)
2022-08-31 08:11:04,893 [RMI TCP Connection(5)-127.0.0.1] INFO  o.s.b.a.SpringApplicationAdminMXBeanRegistrar$SpringApplicationAdmin - Application shutdown requested.
2022-08-31 08:11:04,958 [RMI TCP Connection(5)-127.0.0.1] INFO  o.s.o.j.LocalContainerEntityManagerFactoryBean     - Closing JPA EntityManagerFactory for persistence unit 'default'
2022-08-31 08:11:04,963 [RMI TCP Connection(5)-127.0.0.1] INFO  com.zaxxer.hikari.HikariDataSource                 - HikariPool-1 - Shutdown initiated...
2022-08-31 08:11:04,983 [RMI TCP Connection(5)-127.0.0.1] INFO  com.zaxxer.hikari.HikariDataSource                 - HikariPool-1 - Shutdown completed.
2022-08-31 08:11:08,445 [main] INFO  com.crud.SpringCrudApplication                     - Starting SpringCrudApplication using Java 17.0.3 on DESKTOP-LSG5G4P with PID 1756 (C:\Users\lenovo\eclipse-workspace\SpringCRUD\target\classes started by lenovo in C:\Users\lenovo\eclipse-workspace\SpringCRUD)
2022-08-31 08:11:08,448 [main] INFO  com.crud.SpringCrudApplication                     - No active profile set, falling back to 1 default profile: "default"
2022-08-31 08:11:09,809 [main] INFO  o.s.d.r.c.RepositoryConfigurationDelegate          - Bootstrapping Spring Data JPA repositories in DEFAULT mode.
2022-08-31 08:11:09,927 [main] INFO  o.s.d.r.c.RepositoryConfigurationDelegate          - Finished Spring Data repository scanning in 92 ms. Found 1 JPA repository interfaces.
2022-08-31 08:11:10,935 [main] INFO  o.s.b.w.embedded.tomcat.TomcatWebServer            - Tomcat initialized with port(s): 1010 (http)
2022-08-31 08:11:10,948 [main] INFO  o.apache.coyote.http11.Http11NioProtocol           - Initializing ProtocolHandler ["http-nio-1010"]
2022-08-31 08:11:10,949 [main] INFO  org.apache.catalina.core.StandardService           - Starting service [Tomcat]
2022-08-31 08:11:10,950 [main] INFO  org.apache.catalina.core.StandardEngine            - Starting Servlet engine: [Apache Tomcat/9.0.65]
2022-08-31 08:11:11,119 [main] INFO  o.a.c.c.C.[Tomcat].[localhost].[/]                 - Initializing Spring embedded WebApplicationContext
2022-08-31 08:11:11,119 [main] INFO  o.s.b.w.s.c.ServletWebServerApplicationContext     - Root WebApplicationContext: initialization completed in 2600 ms
2022-08-31 08:11:11,450 [main] INFO  o.hibernate.jpa.internal.util.LogHelper            - HHH000204: Processing PersistenceUnitInfo [name: default]
2022-08-31 08:11:11,538 [main] INFO  org.hibernate.Version                              - HHH000412: Hibernate ORM core version 5.6.10.Final
2022-08-31 08:11:11,819 [main] INFO  org.hibernate.annotations.common.Version           - HCANN000001: Hibernate Commons Annotations {5.1.2.Final}
2022-08-31 08:11:11,940 [main] INFO  com.zaxxer.hikari.HikariDataSource                 - HikariPool-1 - Starting...
2022-08-31 08:11:12,253 [main] INFO  com.zaxxer.hikari.HikariDataSource                 - HikariPool-1 - Start completed.
2022-08-31 08:11:12,275 [main] INFO  org.hibernate.dialect.Dialect                      - HHH000400: Using dialect: org.hibernate.dialect.MySQL5InnoDBDialect
2022-08-31 08:11:13,186 [main] INFO  o.h.e.t.j.p.i.JtaPlatformInitiator                 - HHH000490: Using JtaPlatform implementation: [org.hibernate.engine.transaction.jta.platform.internal.NoJtaPlatform]
2022-08-31 08:11:13,202 [main] INFO  o.s.o.j.LocalContainerEntityManagerFactoryBean     - Initialized JPA EntityManagerFactory for persistence unit 'default'
2022-08-31 08:11:14,147 [main] WARN  o.s.b.a.o.j.JpaBaseConfiguration$JpaWebConfiguration - spring.jpa.open-in-view is enabled by default. Therefore, database queries may be performed during view rendering. Explicitly configure spring.jpa.open-in-view to disable this warning
2022-08-31 08:11:14,808 [main] INFO  o.apache.coyote.http11.Http11NioProtocol           - Starting ProtocolHandler ["http-nio-1010"]
2022-08-31 08:11:14,850 [main] INFO  o.s.b.w.embedded.tomcat.TomcatWebServer            - Tomcat started on port(s): 1010 (http) with context path ''
2022-08-31 08:11:15,371 [main] INFO  com.crud.SpringCrudApplication                     - Started SpringCrudApplication in 7.742 seconds (JVM running for 9.151)
2022-08-31 08:11:44,440 [RMI TCP Connection(4)-127.0.0.1] INFO  o.s.b.a.SpringApplicationAdminMXBeanRegistrar$SpringApplicationAdmin - Application shutdown requested.
2022-08-31 08:11:44,505 [RMI TCP Connection(4)-127.0.0.1] INFO  o.s.o.j.LocalContainerEntityManagerFactoryBean     - Closing JPA EntityManagerFactory for persistence unit 'default'
2022-08-31 08:11:44,510 [RMI TCP Connection(4)-127.0.0.1] INFO  com.zaxxer.hikari.HikariDataSource                 - HikariPool-1 - Shutdown initiated...
2022-08-31 08:11:44,530 [RMI TCP Connection(4)-127.0.0.1] INFO  com.zaxxer.hikari.HikariDataSource                 - HikariPool-1 - Shutdown completed.
